GET / HTTP/1.0
GET / HTTP/1.1
GET /+CSCOE+/logon.html HTTP/1.1
GET /.aws/config HTTP/1.1
GET /.aws/credentials HTTP/1.1
GET /.env HTTP/1.1
GET /.git/config HTTP/1.1
GET /.travis.yml HTTP/1.1
GET /.well-known/security.txt HTTP/1.1
GET /1.php HTTP/1.1
GET /1phpmyadmin/index.php?lang=en HTTP/1.1
GET /2phpmyadmin/index.php?lang=en HTTP/1.1
GET /?XDEBUG_SESSION_START=phpstorm HTTP/1.1
GET /?pp=env HTTP/1.1
GET /HNAP1/ HTTP/1.1
GET /MyAdmin/index.php?lang=en HTTP/1.1
GET /PMA/index.php?lang=en HTTP/1.1
GET /Telerik.Web.UI.WebResource.axd?type=rau HTTP/1.1
GET /Temporary_Listen_Addresses HTTP/1.1
GET /__phpmyadmin/index.php?lang=en HTTP/1.1
GET /_ignition/execute-solution HTTP/1.1
GET /_phpMyAdmin/index.php?lang=en HTTP/1.1
GET /_profiler/phpinfo HTTP/1.1
GET /aaa9 HTTP/1.1
GET /aab8 HTTP/1.1
GET /actuator/gateway/routes HTTP/1.1
GET /actuator/health HTTP/1.1
GET /admin/.env HTTP/1.1
GET /admin/index.php?lang=en HTTP/1.1
GET /admin/phpMyAdmin/index.php?lang=en HTTP/1.1
GET /admin/pma/index.php?lang=en HTTP/1.1
GET /admin/sqladmin/index.php?lang=en HTTP/1.1
GET /admin/sysadmin/index.php?lang=en HTTP/1.1
GET /admin/web/index.php?lang=en HTTP/1.1
GET /administrator/PMA/index.php?lang=en HTTP/1.1
GET /administrator/admin/index.php?lang=en HTTP/1.1
GET /administrator/db/index.php?lang=en HTTP/1.1
GET /administrator/phpMyAdmin/index.php?lang=en HTTP/1.1
GET /administrator/phpmyadmin/index.php?lang=en HTTP/1.1
GET /administrator/pma/index.php?lang=en HTTP/1.1
GET /administrator/web/index.php?lang=en HTTP/1.1
GET /api/.env HTTP/1.1
GET /app/.env HTTP/1.1
GET /app/config/parameters.yml HTTP/1.1
GET /app_dev.php/_profiler/open?file=app/config/parameters.yml HTTP/1.1
GET /application/configs/application.ini HTTP/1.1
GET /aws/credentials HTTP/1.1
GET /backend/.env HTTP/1.1
GET /bundle.js HTTP/1.1
GET /c/ HTTP/1.1
GET /cgi-bin/authLogin.cgi HTTP/1.1
GET /client/get_targets HTTP/1.1
GET /config.json HTTP/1.1
GET /config.py HTTP/1.1
GET /config/.travis.yml HTTP/1.1
GET /config/?pp=env HTTP/1.1
GET /config/app/config/parameters.yml HTTP/1.1
GET /config/app_dev.php/_profiler/open?file=app/config/parameters.yml HTTP/1.1
GET /config/application/configs/application.ini HTTP/1.1
GET /config/config.json HTTP/1.1
GET /config/config.py HTTP/1.1
GET /config/configs/application.ini HTTP/1.1
GET /config/constants.js HTTP/1.1
GET /config/docker-compose.yml HTTP/1.1
GET /config/getuser?index=0 HTTP/1.1
GET /config/karma.conf.js HTTP/1.1
GET /config/sendgrid.env HTTP/1.1
GET /configs/application.ini HTTP/1.1
GET /console/ HTTP/1.1
GET /constants.js HTTP/1.1
GET /database/index.php?lang=en HTTP/1.1
GET /db/db-admin/index.php?lang=en HTTP/1.1
GET /db/dbweb/index.php?lang=en HTTP/1.1
GET /db/index.php?lang=en HTTP/1.1
GET /db/myadmin/index.php?lang=en HTTP/1.1
GET /db/phpMyAdmin-3/index.php?lang=en HTTP/1.1
GET /db/phpMyAdmin-4/index.php?lang=en HTTP/1.1
GET /db/phpMyAdmin-5/index.php?lang=en HTTP/1.1
GET /db/phpMyAdmin/index.php?lang=en HTTP/1.1
GET /db/phpMyAdmin3/index.php?lang=en HTTP/1.1
GET /db/phpmyadmin/index.php?lang=en HTTP/1.1
GET /db/phpmyadmin4/index.php?lang=en HTTP/1.1
GET /db/phpmyadmin5/index.php?lang=en HTTP/1.1
GET /db/webadmin/index.php?lang=en HTTP/1.1
GET /db/webdb/index.php?lang=en HTTP/1.1
GET /dbadmin/index.php?lang=en HTTP/1.1
GET /docker-compose.yml HTTP/1.1
GET /druid/index.html HTTP/1.1
GET /ecp/Current/exporttool/microsoft.exchange.ediscovery.exporttool.application HTTP/1.1
GET /favicon-32x32.png HTTP/1.1
GET /favicon.ico HTTP/1.1
GET /files/ HTTP/1.1
GET /geoip/ HTTP/1.1
GET /geoserver HTTP/1.1
GET /geoserver/web/ HTTP/1.1
GET /hudson HTTP/1.1
GET /index.php?lang=en HTTP/1.1
GET /info.php HTTP/1.1
GET /japi/api/banner/list?status=1&pageNum=1&location=0%2C1%2C2&byChannel=true HTTP/1.1
GET /karma.conf.js HTTP/1.1
GET /laravel/.env HTTP/1.1
GET /manager/html HTTP/1.1
GET /myadmin/index.php?lang=en HTTP/1.1
GET /mysql-admin/index.php?lang=en HTTP/1.1
GET /mysql/admin/index.php?lang=en HTTP/1.1
GET /mysql/db/index.php?lang=en HTTP/1.1
GET /mysql/dbadmin/index.php?lang=en HTTP/1.1
GET /mysql/index.php?lang=en HTTP/1.1
GET /mysql/mysqlmanager/index.php?lang=en HTTP/1.1
GET /mysql/pMA/index.php?lang=en HTTP/1.1
GET /mysql/pma/index.php?lang=en HTTP/1.1
GET /mysql/sqlmanager/index.php?lang=en HTTP/1.1
GET /mysql/web/index.php?lang=en HTTP/1.1
GET /mysqladmin/index.php?lang=en HTTP/1.1
GET /mysqlmanager/index.php?lang=en HTTP/1.1
GET /nice%20ports%2C/Tri%6Eity.txt%2ebak HTTP/1.0
GET /password.php HTTP/1.1
GET /php-my-admin/index.php?lang=en HTTP/1.1
GET /php-myadmin/index.php?lang=en HTTP/1.1
GET /phpMyAdmin-3/index.php?lang=en HTTP/1.1
GET /phpMyAdmin-4.9.10-all-languages/index.php?lang=en HTTP/1.1
GET /phpMyAdmin-4/index.php?lang=en HTTP/1.1
GET /phpMyAdmin-5.1.1/index.php?lang=en HTTP/1.1
GET /phpMyAdmin-5.1.2/index.php?lang=en HTTP/1.1
GET /phpMyAdmin-5.1.3/index.php?lang=en HTTP/1.1
GET /phpMyAdmin-5.2.0-all-languages/index.php?lang=en HTTP/1.1
GET /phpMyAdmin-5.2.0/index.php?lang=en HTTP/1.1
GET /phpMyAdmin-5.3.0-all-languages/index.php?lang=en HTTP/1.1
GET /phpMyAdmin-5/index.php?lang=en HTTP/1.1
GET /phpMyAdmin-latest-all-languages/index.php?lang=en HTTP/1.1
GET /phpMyAdmin-latest-english/index.php?lang=en HTTP/1.1
GET /phpMyAdmin1/index.php?lang=en HTTP/1.1
GET /phpMyAdmin2/index.php?lang=en HTTP/1.1
GET /phpMyAdmin3/index.php?lang=en HTTP/1.1
GET /phpMyAdmin4/index.php?lang=en HTTP/1.1
GET /phpMyAdmin5.1/index.php?lang=en HTTP/1.1
GET /phpMyAdmin5.2/index.php?lang=en HTTP/1.1
GET /phpMyAdmin5/index.php?lang=en HTTP/1.1
GET /phpMyAdmin_/index.php?lang=en HTTP/1.1
GET /phpMyadmin/index.php?lang=en HTTP/1.1
GET /phpinfo HTTP/1.1
GET /phpinfo.php HTTP/1.1
GET /phpmy/index.php?lang=en HTTP/1.1
GET /phpmyAdmin/index.php?lang=en HTTP/1.1
GET /phpmyadmin/index.php?lang=en HTTP/1.1
GET /phpmyadmin1/index.php?lang=en HTTP/1.1
GET /phpmyadmin2/index.php?lang=en HTTP/1.1
GET /phpmyadmin2011/index.php?lang=en HTTP/1.1
GET /phpmyadmin2013/index.php?lang=en HTTP/1.1
GET /phpmyadmin2014/index.php?lang=en HTTP/1.1
GET /phpmyadmin2015/index.php?lang=en HTTP/1.1
GET /phpmyadmin2016/index.php?lang=en HTTP/1.1
GET /phpmyadmin2017/index.php?lang=en HTTP/1.1
GET /phpmyadmin2018/index.php?lang=en HTTP/1.1
GET /phpmyadmin2019/index.php?lang=en HTTP/1.1
GET /phpmyadmin2020/index.php?lang=en HTTP/1.1
GET /phpmyadmin2021/index.php?lang=en HTTP/1.1
GET /phpmyadmin2022/index.php?lang=en HTTP/1.1
GET /phpmyadmin3/index.php?lang=en HTTP/1.1
GET /phpmyadmin4/index.php?lang=en HTTP/1.1
GET /phpmyadmin5/index.php?lang=en HTTP/1.1
GET /phpmyadmin_/index.php?lang=en HTTP/1.1
GET /phppma/index.php?lang=en HTTP/1.1
GET /pma/index.php?lang=en HTTP/1.1
GET /portal/redlion HTTP/1.1
GET /program/index.php?lang=en HTTP/1.1
GET /sendgrid.env HTTP/1.1
GET /shopdb/index.php?lang=en HTTP/1.1
GET /showLogin.cc HTTP/1.1
GET /sitemap.xml HTTP/1.1
GET /solr/ HTTP/1.1
GET /sql/myadmin/index.php?lang=en HTTP/1.1
GET /sql/php-myadmin/index.php?lang=en HTTP/1.1
GET /sql/phpMyAdmin/index.php?lang=en HTTP/1.1
GET /sql/phpMyAdmin2/index.php?lang=en HTTP/1.1
GET /sql/phpmanager/index.php?lang=en HTTP/1.1
GET /sql/phpmy-admin/index.php?lang=en HTTP/1.1
GET /sql/phpmyadmin3/index.php?lang=en HTTP/1.1
GET /sql/phpmyadmin4/index.php?lang=en HTTP/1.1
GET /sql/phpmyadmin5/index.php?lang=en HTTP/1.1
GET /sql/sql/index.php?lang=en HTTP/1.1
GET /sql/sqladmin/index.php?lang=en HTTP/1.1
GET /sql/sqlweb/index.php?lang=en HTTP/1.1
GET /sql/webdb/index.php?lang=en HTTP/1.1
GET /sql/websql/index.php?lang=en HTTP/1.1
GET /sqlmanager/index.php?lang=en HTTP/1.1
GET /static/historypage.js HTTP/1.1
GET /sugar_version.json HTTP/1.1
GET /systembc/password.php HTTP/1.1
GET /test.php HTTP/1.1
GET /upl.php HTTP/1.1
GET /webfig/ HTTP/1.1
GET /wp-content/ HTTP/1.1
GET /wp-content/plugins/portable-phpmyadmin/wp-pma-mod/index.php?lang=en HTTP/1.1
HEAD /.env HTTP/1.1
OPTIONS / HTTP/1.0
POST / HTTP/1.1
POST /.aws/config HTTP/1.1
POST /.aws/credentials HTTP/1.1
POST /.env HTTP/1.1
POST /_profiler/phpinfo HTTP/1.1
POST /admin HTTP/1.1
POST /api HTTP/1.1
POST /app HTTP/1.1
POST /aws/credentials HTTP/1.1
POST /backend HTTP/1.1
POST /boaform/admin/formLogin HTTP/1.1
POST /cgi-bin/cstecgi.cgi HTTP/1.1
POST /info.php HTTP/1.1
POST /laravel HTTP/1.1
POST /phpinfo HTTP/1.1
POST /phpinfo.php HTTP/1.1
POST /test.php HTTP/1.1
